  moc main.cpp
  main.cpp
C:\Users\User\source\repos\QtWidgetsApplication3\QtWidgetsApplication3\main.cpp(1,1): warning C4828: Файл содержит знак, начинающийся со смещения 0x264, который является недопустимым в текущей исходной кодировке (кодовая страница 65001).
C:\Users\User\source\repos\QtWidgetsApplication3\QtWidgetsApplication3\main.cpp(1,1): warning C4828: Файл содержит знак, начинающийся со смещения 0x266, который является недопустимым в текущей исходной кодировке (кодовая страница 65001).
C:\Users\User\source\repos\QtWidgetsApplication3\QtWidgetsApplication3\main.cpp(1,1): warning C4828: Файл содержит знак, начинающийся со смещения 0x269, который является недопустимым в текущей исходной кодировке (кодовая страница 65001).
C:\Users\User\source\repos\QtWidgetsApplication3\QtWidgetsApplication3\main.cpp(1,1): warning C4828: Файл содержит знак, начинающийся со смещения 0x26c, который является недопустимым в текущей исходной кодировке (кодовая страница 65001).
C:\Users\User\source\repos\QtWidgetsApplication3\QtWidgetsApplication3\main.cpp(1,1): warning C4828: Файл содержит знак, начинающийся со смещения 0x363, который является недопустимым в текущей исходной кодировке (кодовая страница 65001).
C:\Users\User\source\repos\QtWidgetsApplication3\QtWidgetsApplication3\main.cpp(1,1): warning C4828: Файл содержит знак, начинающийся со смещения 0x365, который является недопустимым в текущей исходной кодировке (кодовая страница 65001).
C:\Users\User\source\repos\QtWidgetsApplication3\QtWidgetsApplication3\main.cpp(1,1): warning C4828: Файл содержит знак, начинающийся со смещения 0x368, который является недопустимым в текущей исходной кодировке (кодовая страница 65001).
C:\Users\User\source\repos\QtWidgetsApplication3\QtWidgetsApplication3\main.cpp(1,1): warning C4828: Файл содержит знак, начинающийся со смещения 0x36b, который является недопустимым в текущей исходной кодировке (кодовая страница 65001).
C:\Users\User\source\repos\QtWidgetsApplication3\QtWidgetsApplication3\main.cpp(1,1): warning C4828: Файл содержит знак, начинающийся со смещения 0x4f2, который является недопустимым в текущей исходной кодировке (кодовая страница 65001).
C:\Users\User\source\repos\QtWidgetsApplication3\QtWidgetsApplication3\main.cpp(1,1): warning C4828: Файл содержит знак, начинающийся со смещения 0x4f4, который является недопустимым в текущей исходной кодировке (кодовая страница 65001).
C:\Users\User\source\repos\QtWidgetsApplication3\QtWidgetsApplication3\main.cpp(1,1): warning C4828: Файл содержит знак, начинающийся со смещения 0x4f7, который является недопустимым в текущей исходной кодировке (кодовая страница 65001).
C:\Users\User\source\repos\QtWidgetsApplication3\QtWidgetsApplication3\main.cpp(1,1): warning C4828: Файл содержит знак, начинающийся со смещения 0x4fa, который является недопустимым в текущей исходной кодировке (кодовая страница 65001).
C:\Users\User\source\repos\QtWidgetsApplication3\QtWidgetsApplication3\main.cpp(1,1): warning C4828: Файл содержит знак, начинающийся со смещения 0x55c, который является недопустимым в текущей исходной кодировке (кодовая страница 65001).
C:\Users\User\source\repos\QtWidgetsApplication3\QtWidgetsApplication3\main.cpp(1,1): warning C4828: Файл содержит знак, начинающийся со смещения 0x55e, который является недопустимым в текущей исходной кодировке (кодовая страница 65001).
C:\Users\User\source\repos\QtWidgetsApplication3\QtWidgetsApplication3\main.cpp(1,1): warning C4828: Файл содержит знак, начинающийся со смещения 0x562, который является недопустимым в текущей исходной кодировке (кодовая страница 65001).
C:\Users\User\source\repos\QtWidgetsApplication3\QtWidgetsApplication3\main.cpp(1,1): warning C4828: Файл содержит знак, начинающийся со смещения 0x566, который является недопустимым в текущей исходной кодировке (кодовая страница 65001).
C:\Users\User\source\repos\QtWidgetsApplication3\QtWidgetsApplication3\main.cpp(1,1): warning C4828: Файл содержит знак, начинающийся со смещения 0x569, который является недопустимым в текущей исходной кодировке (кодовая страница 65001).
C:\Users\User\source\repos\QtWidgetsApplication3\QtWidgetsApplication3\main.cpp(1,1): warning C4828: Файл содержит знак, начинающийся со смещения 0x56b, который является недопустимым в текущей исходной кодировке (кодовая страница 65001).
C:\Users\User\source\repos\QtWidgetsApplication3\QtWidgetsApplication3\main.cpp(1,1): warning C4828: Файл содержит знак, начинающийся со смещения 0x56e, который является недопустимым в текущей исходной кодировке (кодовая страница 65001).
C:\Users\User\source\repos\QtWidgetsApplication3\QtWidgetsApplication3\main.cpp(1,1): warning C4828: Файл содержит знак, начинающийся со смещения 0x672, который является недопустимым в текущей исходной кодировке (кодовая страница 65001).
C:\Users\User\source\repos\QtWidgetsApplication3\QtWidgetsApplication3\main.cpp(1,1): warning C4828: Файл содержит знак, начинающийся со смещения 0x674, который является недопустимым в текущей исходной кодировке (кодовая страница 65001).
C:\Users\User\source\repos\QtWidgetsApplication3\QtWidgetsApplication3\main.cpp(1,1): warning C4828: Файл содержит знак, начинающийся со смещения 0x678, который является недопустимым в текущей исходной кодировке (кодовая страница 65001).
C:\Users\User\source\repos\QtWidgetsApplication3\QtWidgetsApplication3\main.cpp(1,1): warning C4828: Файл содержит знак, начинающийся со смещения 0x67c, который является недопустимым в текущей исходной кодировке (кодовая страница 65001).
C:\Users\User\source\repos\QtWidgetsApplication3\QtWidgetsApplication3\main.cpp(1,1): warning C4828: Файл содержит знак, начинающийся со смещения 0x67f, который является недопустимым в текущей исходной кодировке (кодовая страница 65001).
C:\Users\User\source\repos\QtWidgetsApplication3\QtWidgetsApplication3\main.cpp(1,1): warning C4828: Файл содержит знак, начинающийся со смещения 0x729, который является недопустимым в текущей исходной кодировке (кодовая страница 65001).
C:\Users\User\source\repos\QtWidgetsApplication3\QtWidgetsApplication3\main.cpp(1,1): warning C4828: Файл содержит знак, начинающийся со смещения 0x72b, который является недопустимым в текущей исходной кодировке (кодовая страница 65001).
C:\Users\User\source\repos\QtWidgetsApplication3\QtWidgetsApplication3\main.cpp(1,1): warning C4828: Файл содержит знак, начинающийся со смещения 0x72e, который является недопустимым в текущей исходной кодировке (кодовая страница 65001).
C:\Users\User\source\repos\QtWidgetsApplication3\QtWidgetsApplication3\main.cpp(1,1): warning C4828: Файл содержит знак, начинающийся со смещения 0x731, который является недопустимым в текущей исходной кодировке (кодовая страница 65001).
C:\Users\User\source\repos\QtWidgetsApplication3\QtWidgetsApplication3\main.cpp(1,1): warning C4828: Файл содержит знак, начинающийся со смещения 0x732, который является недопустимым в текущей исходной кодировке (кодовая страница 65001).
C:\Users\User\source\repos\QtWidgetsApplication3\QtWidgetsApplication3\main.cpp(1,1): warning C4828: Файл содержит знак, начинающийся со смещения 0x736, который является недопустимым в текущей исходной кодировке (кодовая страница 65001).
C:\Users\User\source\repos\QtWidgetsApplication3\QtWidgetsApplication3\main.cpp(1,1): warning C4828: Файл содержит знак, начинающийся со смещения 0x73a, который является недопустимым в текущей исходной кодировке (кодовая страница 65001).
C:\Users\User\source\repos\QtWidgetsApplication3\QtWidgetsApplication3\main.cpp(1,1): warning C4828: Файл содержит знак, начинающийся со смещения 0x741, который является недопустимым в текущей исходной кодировке (кодовая страница 65001).
C:\Users\User\source\repos\QtWidgetsApplication3\QtWidgetsApplication3\main.cpp(1,1): warning C4828: Файл содержит знак, начинающийся со смещения 0x744, который является недопустимым в текущей исходной кодировке (кодовая страница 65001).
C:\Users\User\source\repos\QtWidgetsApplication3\QtWidgetsApplication3\main.cpp(1,1): warning C4828: Файл содержит знак, начинающийся со смещения 0x83b, который является недопустимым в текущей исходной кодировке (кодовая страница 65001).
C:\Users\User\source\repos\QtWidgetsApplication3\QtWidgetsApplication3\main.cpp(1,1): warning C4828: Файл содержит знак, начинающийся со смещения 0x83d, который является недопустимым в текущей исходной кодировке (кодовая страница 65001).
C:\Users\User\source\repos\QtWidgetsApplication3\QtWidgetsApplication3\main.cpp(1,1): warning C4828: Файл содержит знак, начинающийся со смещения 0x841, который является недопустимым в текущей исходной кодировке (кодовая страница 65001).
C:\Users\User\source\repos\QtWidgetsApplication3\QtWidgetsApplication3\main.cpp(1,1): warning C4828: Файл содержит знак, начинающийся со смещения 0x845, который является недопустимым в текущей исходной кодировке (кодовая страница 65001).
C:\Users\User\source\repos\QtWidgetsApplication3\QtWidgetsApplication3\main.cpp(1,1): warning C4828: Файл содержит знак, начинающийся со смещения 0x848, который является недопустимым в текущей исходной кодировке (кодовая страница 65001).
C:\Users\User\source\repos\QtWidgetsApplication3\QtWidgetsApplication3\main.cpp(1,1): warning C4828: Файл содержит знак, начинающийся со смещения 0x84b, который является недопустимым в текущей исходной кодировке (кодовая страница 65001).
C:\Users\User\source\repos\QtWidgetsApplication3\QtWidgetsApplication3\main.cpp(1,1): warning C4828: Файл содержит знак, начинающийся со смещения 0x84e, который является недопустимым в текущей исходной кодировке (кодовая страница 65001).
C:\Users\User\source\repos\QtWidgetsApplication3\QtWidgetsApplication3\main.cpp(1,1): warning C4828: Файл содержит знак, начинающийся со смещения 0x851, который является недопустимым в текущей исходной кодировке (кодовая страница 65001).
C:\Users\User\source\repos\QtWidgetsApplication3\QtWidgetsApplication3\main.cpp(1,1): warning C4828: Файл содержит знак, начинающийся со смещения 0x854, который является недопустимым в текущей исходной кодировке (кодовая страница 65001).
C:\Users\User\source\repos\QtWidgetsApplication3\QtWidgetsApplication3\main.cpp(1,1): warning C4828: Файл содержит знак, начинающийся со смещения 0x857, который является недопустимым в текущей исходной кодировке (кодовая страница 65001).
C:\Users\User\source\repos\QtWidgetsApplication3\QtWidgetsApplication3\main.cpp(1,1): warning C4828: Файл содержит знак, начинающийся со смещения 0x85b, который является недопустимым в текущей исходной кодировке (кодовая страница 65001).
C:\Users\User\source\repos\QtWidgetsApplication3\QtWidgetsApplication3\main.cpp(1,1): warning C4828: Файл содержит знак, начинающийся со смещения 0x85e, который является недопустимым в текущей исходной кодировке (кодовая страница 65001).
C:\Users\User\source\repos\QtWidgetsApplication3\QtWidgetsApplication3\main.cpp(1,1): warning C4828: Файл содержит знак, начинающийся со смещения 0x862, который является недопустимым в текущей исходной кодировке (кодовая страница 65001).
C:\Users\User\source\repos\QtWidgetsApplication3\QtWidgetsApplication3\main.cpp(1,1): warning C4828: Файл содержит знак, начинающийся со смещения 0x865, который является недопустимым в текущей исходной кодировке (кодовая страница 65001).
C:\Users\User\source\repos\QtWidgetsApplication3\QtWidgetsApplication3\main.cpp(1,1): warning C4828: Файл содержит знак, начинающийся со смещения 0x8cf, который является недопустимым в текущей исходной кодировке (кодовая страница 65001).
C:\Users\User\source\repos\QtWidgetsApplication3\QtWidgetsApplication3\main.cpp(1,1): warning C4828: Файл содержит знак, начинающийся со смещения 0x8d1, который является недопустимым в текущей исходной кодировке (кодовая страница 65001).
C:\Users\User\source\repos\QtWidgetsApplication3\QtWidgetsApplication3\main.cpp(1,1): warning C4828: Файл содержит знак, начинающийся со смещения 0x8d5, который является недопустимым в текущей исходной кодировке (кодовая страница 65001).
C:\Users\User\source\repos\QtWidgetsApplication3\QtWidgetsApplication3\main.cpp(1,1): warning C4828: Файл содержит знак, начинающийся со смещения 0x8d8, который является недопустимым в текущей исходной кодировке (кодовая страница 65001).
C:\Users\User\source\repos\QtWidgetsApplication3\QtWidgetsApplication3\main.cpp(1,1): warning C4828: Файл содержит знак, начинающийся со смещения 0x8db, который является недопустимым в текущей исходной кодировке (кодовая страница 65001).
C:\Users\User\source\repos\QtWidgetsApplication3\QtWidgetsApplication3\main.cpp(1,1): warning C4828: Файл содержит знак, начинающийся со смещения 0x8de, который является недопустимым в текущей исходной кодировке (кодовая страница 65001).
C:\Users\User\source\repos\QtWidgetsApplication3\QtWidgetsApplication3\main.cpp(1,1): warning C4828: Файл содержит знак, начинающийся со смещения 0x8df, который является недопустимым в текущей исходной кодировке (кодовая страница 65001).
C:\Users\User\source\repos\QtWidgetsApplication3\QtWidgetsApplication3\main.cpp(1,1): warning C4828: Файл содержит знак, начинающийся со смещения 0x8e2, который является недопустимым в текущей исходной кодировке (кодовая страница 65001).
C:\Users\User\source\repos\QtWidgetsApplication3\QtWidgetsApplication3\main.cpp(1,1): warning C4828: Файл содержит знак, начинающийся со смещения 0x8e4, который является недопустимым в текущей исходной кодировке (кодовая страница 65001).
C:\Users\User\source\repos\QtWidgetsApplication3\QtWidgetsApplication3\main.cpp(1,1): warning C4828: Файл содержит знак, начинающийся со смещения 0x8e7, который является недопустимым в текущей исходной кодировке (кодовая страница 65001).
C:\Users\User\source\repos\QtWidgetsApplication3\QtWidgetsApplication3\main.cpp(1,1): warning C4828: Файл содержит знак, начинающийся со смещения 0x8eb, который является недопустимым в текущей исходной кодировке (кодовая страница 65001).
C:\Users\User\source\repos\QtWidgetsApplication3\QtWidgetsApplication3\main.cpp(1,1): warning C4828: Файл содержит знак, начинающийся со смещения 0x8ee, который является недопустимым в текущей исходной кодировке (кодовая страница 65001).
C:\Users\User\source\repos\QtWidgetsApplication3\QtWidgetsApplication3\main.cpp(1,1): warning C4828: Файл содержит знак, начинающийся со смещения 0x9a5, который является недопустимым в текущей исходной кодировке (кодовая страница 65001).
C:\Users\User\source\repos\QtWidgetsApplication3\QtWidgetsApplication3\main.cpp(1,1): warning C4828: Файл содержит знак, начинающийся со смещения 0x9a7, который является недопустимым в текущей исходной кодировке (кодовая страница 65001).
C:\Users\User\source\repos\QtWidgetsApplication3\QtWidgetsApplication3\main.cpp(1,1): warning C4828: Файл содержит знак, начинающийся со смещения 0x9ab, который является недопустимым в текущей исходной кодировке (кодовая страница 65001).
C:\Users\User\source\repos\QtWidgetsApplication3\QtWidgetsApplication3\main.cpp(1,1): warning C4828: Файл содержит знак, начинающийся со смещения 0x9af, который является недопустимым в текущей исходной кодировке (кодовая страница 65001).
C:\Users\User\source\repos\QtWidgetsApplication3\QtWidgetsApplication3\main.cpp(1,1): warning C4828: Файл содержит знак, начинающийся со смещения 0x9b2, который является недопустимым в текущей исходной кодировке (кодовая страница 65001).
C:\Users\User\source\repos\QtWidgetsApplication3\QtWidgetsApplication3\main.cpp(1,1): warning C4828: Файл содержит знак, начинающийся со смещения 0xb76, который является недопустимым в текущей исходной кодировке (кодовая страница 65001).
C:\Users\User\source\repos\QtWidgetsApplication3\QtWidgetsApplication3\main.cpp(1,1): warning C4828: Файл содержит знак, начинающийся со смещения 0xb78, который является недопустимым в текущей исходной кодировке (кодовая страница 65001).
C:\Users\User\source\repos\QtWidgetsApplication3\QtWidgetsApplication3\main.cpp(1,1): warning C4828: Файл содержит знак, начинающийся со смещения 0xb7c, который является недопустимым в текущей исходной кодировке (кодовая страница 65001).
C:\Users\User\source\repos\QtWidgetsApplication3\QtWidgetsApplication3\main.cpp(1,1): warning C4828: Файл содержит знак, начинающийся со смещения 0xb7f, который является недопустимым в текущей исходной кодировке (кодовая страница 65001).
C:\Users\User\source\repos\QtWidgetsApplication3\QtWidgetsApplication3\main.cpp(1,1): warning C4828: Файл содержит знак, начинающийся со смещения 0xb83, который является недопустимым в текущей исходной кодировке (кодовая страница 65001).
C:\Users\User\source\repos\QtWidgetsApplication3\QtWidgetsApplication3\main.cpp(1,1): warning C4828: Файл содержит знак, начинающийся со смещения 0xb86, который является недопустимым в текущей исходной кодировке (кодовая страница 65001).
C:\Users\User\source\repos\QtWidgetsApplication3\QtWidgetsApplication3\main.cpp(1,1): warning C4828: Файл содержит знак, начинающийся со смещения 0xb88, который является недопустимым в текущей исходной кодировке (кодовая страница 65001).
C:\Users\User\source\repos\QtWidgetsApplication3\QtWidgetsApplication3\main.cpp(1,1): warning C4828: Файл содержит знак, начинающийся со смещения 0xb8b, который является недопустимым в текущей исходной кодировке (кодовая страница 65001).
C:\Users\User\source\repos\QtWidgetsApplication3\QtWidgetsApplication3\main.cpp(1,1): warning C4828: Файл содержит знак, начинающийся со смещения 0xb8f, который является недопустимым в текущей исходной кодировке (кодовая страница 65001).
C:\Users\User\source\repos\QtWidgetsApplication3\QtWidgetsApplication3\main.cpp(1,1): warning C4828: Файл содержит знак, начинающийся со смещения 0xb93, который является недопустимым в текущей исходной кодировке (кодовая страница 65001).
C:\Users\User\source\repos\QtWidgetsApplication3\QtWidgetsApplication3\main.cpp(1,1): warning C4828: Файл содержит знак, начинающийся со смещения 0xb97, который является недопустимым в текущей исходной кодировке (кодовая страница 65001).
C:\Users\User\source\repos\QtWidgetsApplication3\QtWidgetsApplication3\main.cpp(1,1): warning C4828: Файл содержит знак, начинающийся со смещения 0xb9a, который является недопустимым в текущей исходной кодировке (кодовая страница 65001).
C:\Users\User\source\repos\QtWidgetsApplication3\QtWidgetsApplication3\main.cpp(1,1): warning C4828: Файл содержит знак, начинающийся со смещения 0xb9e, который является недопустимым в текущей исходной кодировке (кодовая страница 65001).
C:\Users\User\source\repos\QtWidgetsApplication3\QtWidgetsApplication3\main.cpp(1,1): warning C4828: Файл содержит знак, начинающийся со смещения 0xba2, который является недопустимым в текущей исходной кодировке (кодовая страница 65001).
C:\Users\User\source\repos\QtWidgetsApplication3\QtWidgetsApplication3\main.cpp(1,1): warning C4828: Файл содержит знак, начинающийся со смещения 0xdad, который является недопустимым в текущей исходной кодировке (кодовая страница 65001).
C:\Users\User\source\repos\QtWidgetsApplication3\QtWidgetsApplication3\main.cpp(1,1): warning C4828: Файл содержит знак, начинающийся со смещения 0xdaf, который является недопустимым в текущей исходной кодировке (кодовая страница 65001).
C:\Users\User\source\repos\QtWidgetsApplication3\QtWidgetsApplication3\main.cpp(1,1): warning C4828: Файл содержит знак, начинающийся со смещения 0xdb2, который является недопустимым в текущей исходной кодировке (кодовая страница 65001).
C:\Users\User\source\repos\QtWidgetsApplication3\QtWidgetsApplication3\main.cpp(1,1): warning C4828: Файл содержит знак, начинающийся со смещения 0xdb5, который является недопустимым в текущей исходной кодировке (кодовая страница 65001).
C:\Users\User\source\repos\QtWidgetsApplication3\QtWidgetsApplication3\main.cpp(1,1): warning C4828: Файл содержит знак, начинающийся со смещения 0xe02, который является недопустимым в текущей исходной кодировке (кодовая страница 65001).
C:\Users\User\source\repos\QtWidgetsApplication3\QtWidgetsApplication3\main.cpp(1,1): warning C4828: Файл содержит знак, начинающийся со смещения 0xe04, который является недопустимым в текущей исходной кодировке (кодовая страница 65001).
C:\Users\User\source\repos\QtWidgetsApplication3\QtWidgetsApplication3\main.cpp(1,1): warning C4828: Файл содержит знак, начинающийся со смещения 0xe07, который является недопустимым в текущей исходной кодировке (кодовая страница 65001).
C:\Users\User\source\repos\QtWidgetsApplication3\QtWidgetsApplication3\main.cpp(1,1): warning C4828: Файл содержит знак, начинающийся со смещения 0xe0a, который является недопустимым в текущей исходной кодировке (кодовая страница 65001).
  QtWidgetsApplication3.vcxproj -> C:\Users\User\source\repos\QtWidgetsApplication3\QtWidgetsApplication3\x64\Debug\QtWidgetsApplication3.exe
